<?xml version="1.0" encoding="UTF-8"?>
<testsuite xmlns:xsi="http://www.w3.org/2001/XMLSchema-instance" xsi:noNamespaceSchemaLocation="https://maven.apache.org/surefire/maven-surefire-plugin/xsd/surefire-test-report.xsd" version="3.0.2" name="org.example.AppTest" time="0.015" tests="11" errors="0" skipped="0" failures="0">
  <properties>
[...]
</properties>
  <testcase name="testBookCreation" classname="org.example.AppTest" time="0.001"/>
  <testcase name="testLoanBook" classname="org.example.AppTest" time="0.0"/>
  <testcase name="testReturnBook" classname="org.example.AppTest" time="0.0"/>
  <testcase name="testReturnBookNotLoaned" classname="org.example.AppTest" time="0.0"/>
  <testcase name="testAddUser" classname="org.example.AppTest" time="0.001"/>
  <testcase name="testAddBook" classname="org.example.AppTest" time="0.0"/>
  <testcase name="testLoanBookToUser" classname="org.example.AppTest" time="0.0"/>
  <testcase name="testReturnBookByUser" classname="org.example.AppTest" time="0.0"/>
  <testcase name="testRemoveNonExistingUser" classname="org.example.AppTest" time="0.001"/>
  <testcase name="testRemoveBook" classname="org.example.AppTest" time="0.0"/>
  <testcase name="testRemoveNonExistingBook" classname="org.example.AppTest" time="0.0"/>
</testsuite>